<?xml version="1.0" encoding="UTF-8"?>
<!-- Generated by org.testng.reporters.JUnitReportReporter -->
<testsuite skipped="0" hostname="IBM390-PC07ZELM" name="com.training.regression.tests.AddNewFeatureTC4" tests="3" failures="0" timestamp="30 Jan 2019 11:48:24 GMT" time="205.550" errors="0">
  <testcase name="loginExlTest" time="71.535" classname="com.training.regression.tests.AddNewFeatureTC4"/>
  <testcase name="loginExlTest" time="67.753" classname="com.training.regression.tests.AddNewFeatureTC4"/>
  <testcase name="loginExlTest" time="66.262" classname="com.training.regression.tests.AddNewFeatureTC4"/>
</testsuite> <!-- com.training.regression.tests.AddNewFeatureTC4 -->
