<?xml version="1.0" encoding="UTF-8"?>
<!-- Generated by org.testng.reporters.JUnitReportReporter -->
<testsuite skipped="0" hostname="IBM390-PC07ZELM" name="com.training.regression.tests.ErrorMsgUsrCreationTC3" tests="4" failures="0" timestamp="29 Jan 2019 20:32:09 GMT" time="197.465" errors="0">
  <testcase name="loginExlTest" time="50.899" classname="com.training.regression.tests.ErrorMsgUsrCreationTC3"/>
  <testcase name="loginExlTest" time="51.149" classname="com.training.regression.tests.ErrorMsgUsrCreationTC3"/>
  <testcase name="loginExlTest" time="46.663" classname="com.training.regression.tests.ErrorMsgUsrCreationTC3"/>
  <testcase name="loginExlTest" time="48.754" classname="com.training.regression.tests.ErrorMsgUsrCreationTC3"/>
</testsuite> <!-- com.training.regression.tests.ErrorMsgUsrCreationTC3 -->
