<?xml version="1.0" encoding="UTF-8"?>
<!-- Generated by org.testng.reporters.JUnitReportReporter -->
<testsuite skipped="0" hostname="IBM390-PC07ZELM" name="com.training.regression.tests.AddNewPropertyTC5" tests="1" failures="0" timestamp="31 Jan 2019 20:10:23 GMT" time="103.483" errors="0">
  <testcase name="ClicknAddNewProperty" time="103.483" classname="com.training.regression.tests.AddNewPropertyTC5"/>
</testsuite> <!-- com.training.regression.tests.AddNewPropertyTC5 -->
