<?xml version="1.0" encoding="UTF-8"?>
<!-- Generated by org.testng.reporters.JUnitReportReporter -->
<testsuite skipped="0" hostname="IBM390-PC07ZELM" name="com.training.regression.tests.AddUserDB_TC2" tests="1" failures="0" timestamp="31 Jan 2019 08:00:38 GMT" time="65.026" errors="0">
  <testcase name="loginDBTest" time="65.026" classname="com.training.regression.tests.AddUserDB_TC2"/>
</testsuite> <!-- com.training.regression.tests.AddUserDB_TC2 -->
